<?xml version="1.0" encoding="UTF-8"?>
<testng-results skipped="0" failed="0" total="2" passed="2">
  <reporter-output>
  </reporter-output>
  <suite name="Default suite" duration-ms="2487" started-at="2021-04-19T17:24:31Z" finished-at="2021-04-19T17:24:33Z">
    <groups>
    </groups>
    <test name="Default test" duration-ms="2487" started-at="2021-04-19T17:24:31Z" finished-at="2021-04-19T17:24:33Z">
      <class name="getrequest.GetData">
        <test-method status="PASS" signature="testResponseCode()" name="testResponseCode" duration-ms="2248" started-at="2021-04-19T17:24:31Z" finished-at="2021-04-19T17:24:33Z">
        </test-method>
        <test-method status="PASS" signature="testbody()" name="testbody" duration-ms="204" started-at="2021-04-19T17:24:33Z" finished-at="2021-04-19T17:24:33Z">
        </test-method>
      </class>
    </test>
  </suite>
</testng-results>
